<?xml version="1.0" encoding="UTF-8"?>
<testsuite name="henry.GrocerTest" tests="1" skipped="0" failures="0" errors="0" timestamp="2020-02-24T23:12:00" hostname="LAPTOP-0JQ1GSGR" time="0.03">
  <properties/>
  <testcase name="priceABasketTest" classname="henry.GrocerTest" time="0.03"/>
  <system-out><![CDATA[]]></system-out>
  <system-err><![CDATA[]]></system-err>
</testsuite>
